<?xml version="1.0" encoding="UTF-8"?>
<coverage generated="1652260811563" clover="3.2.0">
  <project timestamp="1652260811563" name="All files">
    <metrics statements="86" coveredstatements="70" conditionals="18" coveredconditionals="15" methods="18" coveredmethods="13" elements="122" coveredelements="98" complexity="0" loc="86" ncloc="86" packages="3" files="4" classes="4"/>
    <package name="server">
      <metrics statements="11" coveredstatements="4" conditionals="4" coveredconditionals="1" methods="4" coveredmethods="1"/>
      <file name="helpers.js" path="D:\Emboh Dalam Web\Dibimbing Batch 5\Day 39\backend-test\server\helpers.js">
        <metrics statements="11" coveredstatements="4" conditionals="4" coveredconditionals="1" methods="4" coveredmethods="1"/>
        <line num="2" count="2" type="stmt"/>
        <line num="3" count="2" type="cond" truecount="1" falsecount="1"/>
        <line num="4" count="2" type="stmt"/>
        <line num="6" count="0" type="stmt"/>
        <line num="10" count="0" type="stmt"/>
        <line num="11" count="0" type="cond" truecount="0" falsecount="2"/>
        <line num="12" count="0" type="stmt"/>
        <line num="14" count="0" type="stmt"/>
        <line num="18" count="0" type="stmt"/>
        <line num="19" count="0" type="stmt"/>
        <line num="23" count="1" type="stmt"/>
      </file>
    </package>
    <package name="server.handlers">
      <metrics statements="58" coveredstatements="49" conditionals="4" coveredconditionals="4" methods="9" coveredmethods="7"/>
      <file name="math.js" path="D:\Emboh Dalam Web\Dibimbing Batch 5\Day 39\backend-test\server\handlers\math.js">
        <metrics statements="37" coveredstatements="33" conditionals="0" coveredconditionals="0" methods="5" coveredmethods="5"/>
        <line num="1" count="7" type="stmt"/>
        <line num="3" count="7" type="stmt"/>
        <line num="4" count="4" type="stmt"/>
        <line num="5" count="4" type="stmt"/>
        <line num="6" count="4" type="stmt"/>
        <line num="7" count="3" type="stmt"/>
        <line num="12" count="1" type="stmt"/>
        <line num="17" count="4" type="stmt"/>
        <line num="21" count="7" type="stmt"/>
        <line num="22" count="4" type="stmt"/>
        <line num="23" count="4" type="stmt"/>
        <line num="24" count="4" type="stmt"/>
        <line num="25" count="4" type="stmt"/>
        <line num="30" count="0" type="stmt"/>
        <line num="35" count="4" type="stmt"/>
        <line num="39" count="7" type="stmt"/>
        <line num="40" count="1" type="stmt"/>
        <line num="41" count="1" type="stmt"/>
        <line num="42" count="1" type="stmt"/>
        <line num="43" count="1" type="stmt"/>
        <line num="48" count="0" type="stmt"/>
        <line num="53" count="1" type="stmt"/>
        <line num="57" count="7" type="stmt"/>
        <line num="58" count="3" type="stmt"/>
        <line num="59" count="3" type="stmt"/>
        <line num="60" count="3" type="stmt"/>
        <line num="61" count="3" type="stmt"/>
        <line num="66" count="0" type="stmt"/>
        <line num="71" count="3" type="stmt"/>
        <line num="75" count="7" type="stmt"/>
        <line num="76" count="2" type="stmt"/>
        <line num="77" count="2" type="stmt"/>
        <line num="78" count="2" type="stmt"/>
        <line num="79" count="2" type="stmt"/>
        <line num="84" count="0" type="stmt"/>
        <line num="89" count="2" type="stmt"/>
        <line num="93" count="7" type="stmt"/>
      </file>
      <file name="merchants.js" path="D:\Emboh Dalam Web\Dibimbing Batch 5\Day 39\backend-test\server\handlers\merchants.js">
        <metrics statements="21" coveredstatements="16" conditionals="4" coveredconditionals="4" methods="4" coveredmethods="2"/>
        <line num="1" count="1" type="stmt"/>
        <line num="2" count="1" type="stmt"/>
        <line num="3" count="1" type="stmt"/>
        <line num="6" count="0" type="stmt"/>
        <line num="9" count="0" type="stmt"/>
        <line num="13" count="2" type="stmt"/>
        <line num="14" count="2" type="stmt"/>
        <line num="20" count="2" type="cond" truecount="2" falsecount="0"/>
        <line num="21" count="1" type="stmt"/>
        <line num="23" count="1" type="stmt"/>
        <line num="28" count="2" type="stmt"/>
        <line num="29" count="2" type="stmt"/>
        <line num="30" count="2" type="stmt"/>
        <line num="31" count="2" type="cond" truecount="2" falsecount="0"/>
        <line num="32" count="1" type="stmt"/>
        <line num="34" count="1" type="stmt"/>
        <line num="41" count="1" type="stmt"/>
        <line num="49" count="0" type="stmt"/>
        <line num="50" count="0" type="stmt"/>
        <line num="55" count="0" type="stmt"/>
        <line num="58" count="1" type="stmt"/>
      </file>
    </package>
    <package name="storage.models">
      <metrics statements="17" coveredstatements="17" conditionals="10" coveredconditionals="10" methods="5" coveredmethods="5"/>
      <file name="math.model.js" path="D:\Emboh Dalam Web\Dibimbing Batch 5\Day 39\backend-test\storage\models\math.model.js">
        <metrics statements="17" coveredstatements="17" conditionals="10" coveredconditionals="10" methods="5" coveredmethods="5"/>
        <line num="2" count="3" type="cond" truecount="2" falsecount="0"/>
        <line num="3" count="1" type="stmt"/>
        <line num="5" count="2" type="cond" truecount="2" falsecount="0"/>
        <line num="9" count="3" type="stmt"/>
        <line num="13" count="1" type="stmt"/>
        <line num="17" count="3" type="stmt"/>
        <line num="18" count="3" type="stmt"/>
        <line num="19" count="3" type="stmt"/>
        <line num="20" count="21" type="cond" truecount="2" falsecount="0"/>
        <line num="21" count="3" type="stmt"/>
        <line num="24" count="3" type="stmt"/>
        <line num="25" count="3" type="cond" truecount="4" falsecount="0"/>
        <line num="26" count="2" type="stmt"/>
        <line num="28" count="1" type="stmt"/>
        <line num="34" count="2" type="stmt"/>
        <line num="35" count="2" type="stmt"/>
        <line num="38" count="5" type="stmt"/>
      </file>
    </package>
  </project>
</coverage>
