TN:
SF:server\helpers.js
FN:1,getIdParam
FN:9,getMerchantIdParam
FN:17,checkError
FN:18,(anonymous_3)
FNF:4
FNH:1
FNDA:2,getIdParam
FNDA:0,getMerchantIdParam
FNDA:0,checkError
FNDA:0,(anonymous_3)
DA:2,2
DA:3,2
DA:4,2
DA:6,0
DA:10,0
DA:11,0
DA:12,0
DA:14,0
DA:18,0
DA:19,0
DA:23,1
LF:11
LH:4
BRDA:3,0,0,2
BRDA:3,0,1,0
BRDA:11,1,0,0
BRDA:11,1,1,0
BRF:4
BRH:1
end_of_record
TN:
SF:server\handlers\math.js
FN:3,(anonymous_0)
FN:21,(anonymous_1)
FN:39,(anonymous_2)
FN:57,(anonymous_3)
FN:75,(anonymous_4)
FNF:5
FNH:5
FNDA:4,(anonymous_0)
FNDA:4,(anonymous_1)
FNDA:1,(anonymous_2)
FNDA:3,(anonymous_3)
FNDA:2,(anonymous_4)
DA:1,7
DA:3,7
DA:4,4
DA:5,4
DA:6,4
DA:7,3
DA:12,1
DA:17,4
DA:21,7
DA:22,4
DA:23,4
DA:24,4
DA:25,4
DA:30,0
DA:35,4
DA:39,7
DA:40,1
DA:41,1
DA:42,1
DA:43,1
DA:48,0
DA:53,1
DA:57,7
DA:58,3
DA:59,3
DA:60,3
DA:61,3
DA:66,0
DA:71,3
DA:75,7
DA:76,2
DA:77,2
DA:78,2
DA:79,2
DA:84,0
DA:89,2
DA:93,7
LF:37
LH:33
BRF:0
BRH:0
end_of_record
TN:
SF:server\handlers\merchants.js
FN:5,getAll
FN:12,getById
FN:27,create
FN:48,remove
FNF:4
FNH:2
FNDA:0,getAll
FNDA:2,getById
FNDA:2,create
FNDA:0,remove
DA:1,1
DA:2,1
DA:3,1
DA:6,0
DA:9,0
DA:13,2
DA:14,2
DA:20,2
DA:21,1
DA:23,1
DA:28,2
DA:29,2
DA:30,2
DA:31,2
DA:32,1
DA:34,1
DA:41,1
DA:49,0
DA:50,0
DA:55,0
DA:58,1
LF:21
LH:16
BRDA:20,0,0,1
BRDA:20,0,1,1
BRDA:31,1,0,1
BRDA:31,1,1,1
BRF:4
BRH:4
end_of_record
TN:
SF:storage\models\math.model.js
FN:1,checkOddEven
FN:8,sum
FN:12,countStr
FN:16,weekend
FN:33,leapYear
FNF:5
FNH:5
FNDA:3,checkOddEven
FNDA:3,sum
FNDA:1,countStr
FNDA:3,weekend
FNDA:2,leapYear
DA:2,3
DA:3,1
DA:5,2
DA:9,3
DA:13,1
DA:17,3
DA:18,3
DA:19,3
DA:20,21
DA:21,3
DA:24,3
DA:25,3
DA:26,2
DA:28,1
DA:34,2
DA:35,2
DA:38,5
LF:17
LH:17
BRDA:2,0,0,1
BRDA:2,0,1,2
BRDA:5,1,0,1
BRDA:5,1,1,1
BRDA:20,2,0,3
BRDA:20,2,1,18
BRDA:25,3,0,2
BRDA:25,3,1,1
BRDA:25,4,0,3
BRDA:25,4,1,2
BRF:10
BRH:10
end_of_record
